<?xml version="1.0" encoding="UTF-8"?>

<beans xmlns="http://www.springframework.org/schema/beans"
	xmlns:context="http://www.springframework.org/schema/context"
	xmlns:xsi="http://www.w3.org/2001/XMLSchema-instance" xmlns:mvc="http://www.springframework.org/schema/mvc"
	xmlns:jdbc="http://www.springframework.org/schema/jdbc"
	xsi:schemaLocation="
        http://www.springframework.org/schema/beans     
        http://www.springframework.org/schema/beans/spring-beans-3.2.xsd
        http://www.springframework.org/schema/mvc 
        http://www.springframework.org/schema/mvc/spring-mvc-3.2.xsd
        http://www.springframework.org/schema/jdbc     
        http://www.springframework.org/schema/jdbc/spring-jdbc-3.2.xsd
        http://www.springframework.org/schema/context 
        http://www.springframework.org/schema/context/spring-context-3.2.xsd">

	<context:component-scan base-package="com.springapp.web" />

	<!-- the test application context definition for the jdbc based tests -->

	<bean id="propertyConfigurer"
		class="org.springframework.beans.factory.config.PropertyPlaceholderConfigurer">
		<property name="locations">
			<list>
				<value>classpath:jdbc.properties</value>
			</list>
		</property>
	</bean>

	<bean id="dbcpDataSource" class="org.apache.commons.dbcp2.BasicDataSource"
		destroy-method="close">
		<property name="driverClassName" value="${jdbc.driverClassName}" />
		<property name="url" value="${jdbc.url}" />
		<property name="username" value="${jdbc.username}" />
		<property name="password" value="" />
	</bean>

	<!-- Mock data -->
	<bean id="productsTestData" class="java.util.ArrayList">
		<constructor-arg>
			<list>
				<ref bean="product1" />
				<ref bean="product2" />
				<ref bean="product3" />
			</list>
		</constructor-arg>
	</bean>

	<bean id="product1" class="com.springapp.web.domain.Product">
		<property name="description" value="Lamp" />
		<property name="price" value="5.75" />
	</bean>

	<bean id="product2" class="com.springapp.web.domain.Product">
		<property name="description" value="Table" />
		<property name="price" value="75.25" />
	</bean>

	<bean id="product3" class="com.springapp.web.domain.Product">
		<property name="description" value="Chair" />
		<property name="price" value="22.79" />
	</bean>

	<jdbc:embedded-database id="dataSource" type="HSQL">
		<jdbc:script location="classpath:db/sql/create_products.sql" />
		<jdbc:script location="classpath:db/sql/load_data.sql" />
	</jdbc:embedded-database>

	<bean id="transactionManager"
		class="org.springframework.jdbc.datasource.DataSourceTransactionManager">
		<property name="dataSource" ref="dbcpDataSource" />
	</bean>

</beans>